0 info it worked if it ends with ok
1 verbose cli [ '/usr/bin/nodejs',
1 verbose cli   '/usr/lib/nodejs/npm/bin/npm-cli.js',
1 verbose cli   'run',
1 verbose cli   'watch',
1 verbose cli   '--scripts-prepend-node-path=auto' ]
2 info using npm@3.5.2
3 info using node@v4.2.6
4 verbose run-script [ 'prewatch', 'watch', 'postwatch' ]
5 info lifecycle wit-entreprise@1.0.0~prewatch: wit-entreprise@1.0.0
6 silly lifecycle wit-entreprise@1.0.0~prewatch: no script for prewatch, continuing
7 info lifecycle wit-entreprise@1.0.0~watch: wit-entreprise@1.0.0
8 verbose lifecycle wit-entreprise@1.0.0~watch: unsafe-perm in lifecycle true
9 verbose lifecycle wit-entreprise@1.0.0~watch: PATH: /usr/share/npm/bin/node-gyp-bin:/home/developer/IdeaProjects/projet-ines/wit-entreprise/node_modules/.bin:/usr/local/sbin:/usr/local/bin:/usr/sbin:/usr/bin:/sbin:/bin:/usr/games:/usr/local/games:/snap/bin
10 verbose lifecycle wit-entreprise@1.0.0~watch: CWD: /home/developer/IdeaProjects/projet-ines/wit-entreprise
11 silly lifecycle wit-entreprise@1.0.0~watch: Args: [ '-c',
11 silly lifecycle   'parcel watch --public-url / src/main/resources/app/index.html --out-dir target/classes/static --no-hmr' ]
12 info lifecycle wit-entreprise@1.0.0~watch: Failed to exec watch script
13 verbose stack Error: wit-entreprise@1.0.0 watch: `parcel watch --public-url / src/main/resources/app/index.html --out-dir target/classes/static --no-hmr`
13 verbose stack spawn ENOENT
13 verbose stack     at ChildProcess.<anonymous> (/usr/share/npm/lib/utils/spawn.js:17:16)
13 verbose stack     at emitTwo (events.js:87:13)
13 verbose stack     at ChildProcess.emit (events.js:172:7)
13 verbose stack     at maybeClose (internal/child_process.js:821:16)
13 verbose stack     at Process.ChildProcess._handle.onexit (internal/child_process.js:211:5)
14 verbose pkgid wit-entreprise@1.0.0
15 verbose cwd /home/developer/IdeaProjects/projet-ines/wit-entreprise
16 error Linux 4.4.0-137-generic
17 error argv "/usr/bin/nodejs" "/usr/lib/nodejs/npm/bin/npm-cli.js" "run" "watch" "--scripts-prepend-node-path=auto"
18 error node v4.2.6
19 error npm  v3.5.2
20 error file sh
21 error code ELIFECYCLE
22 error errno ENOENT
23 error syscall spawn
24 error wit-entreprise@1.0.0 watch: `parcel watch --public-url / src/main/resources/app/index.html --out-dir target/classes/static --no-hmr`
24 error spawn ENOENT
25 error Failed at the wit-entreprise@1.0.0 watch script 'parcel watch --public-url / src/main/resources/app/index.html --out-dir target/classes/static --no-hmr'.
25 error Make sure you have the latest version of node.js and npm installed.
25 error If you do, this is most likely a problem with the wit-entreprise package,
25 error not with npm itself.
25 error Tell the author that this fails on your system:
25 error     parcel watch --public-url / src/main/resources/app/index.html --out-dir target/classes/static --no-hmr
25 error You can get information on how to open an issue for this project with:
25 error     npm bugs wit-entreprise
25 error Or if that isn't available, you can get their info via:
25 error     npm owner ls wit-entreprise
25 error There is likely additional logging output above.
26 verbose exit [ 1, true ]
